<?xml version="1.0" encoding="windows-1252" ?>
<adfc-config xmlns="http://xmlns.oracle.com/adf/controller" version="1.2">
  <task-flow-definition id="test-exec-with-param">
    <default-activity>ExecuteWithParams</default-activity>
    <data-control-scope>
      <shared/>
    </data-control-scope>
    <input-parameter-definition id="__3">
      <name>depIdParamValue</name>
      <value>#{pageFlowScope.depId}</value>
    </input-parameter-definition>
    <method-call id="ExecuteWithParams">
      <method>#{bindings.ExecuteWithParams.execute}</method>
      <outcome>
        <fixed-outcome>ExecuteWithParams</fixed-outcome>
      </outcome>
    </method-call>
    <view id="emp">
      <page>/emp.jsff</page>
    </view>
    <control-flow-rule id="__1">
      <from-activity-id>ExecuteWithParams</from-activity-id>
      <control-flow-case id="__2">
        <from-outcome>ExecuteWithParams</from-outcome>
        <to-activity-id>emp</to-activity-id>
      </control-flow-case>
    </control-flow-rule>
    <use-page-fragments/>
  </task-flow-definition>
</adfc-config>
